<?xml version="1.0" encoding="UTF-8"?>
<testng-results skipped="0" failed="0" ignored="0" total="0" passed="0">
  <reporter-output>
  </reporter-output>
  <suite name="testRunnerPackage.TestRunner" duration-ms="17" started-at="2019-11-11T06:40:00Z" finished-at="2019-11-11T06:40:00Z">
    <groups>
    </groups>
    <test name="Command line test" duration-ms="17" started-at="2019-11-11T06:40:00Z" finished-at="2019-11-11T06:40:00Z">
    </test> <!-- Command line test -->
  </suite> <!-- testRunnerPackage.TestRunner -->
</testng-results>
